<?xml version="1.0" encoding="UTF-8"?>
<!-- Generated by org.testng.reporters.JUnitReportReporter -->
<testsuite hostname="DESKTOP-SLMDVNT" failures="0" tests="3" name="com.anz.SampleTestcases.AddingCart" time="22.707" errors="0" timestamp="09 Mar 2021 21:08:29 GMT" skipped="0">
  <testcase classname="com.anz.SampleTestcases.AddingCart" name="loginTest" time="7.551"/>
  <testcase classname="com.anz.SampleTestcases.AddingCart" name="addingCartTest" time="15.107"/>
  <testcase classname="com.anz.SampleTestcases.AddingCart" name="checkCartDetails" time="0.049"/>
</testsuite> <!-- com.anz.SampleTestcases.AddingCart -->
