<?xml version="1.0" encoding="UTF-8"?>
<!-- Generated by org.testng.reporters.JUnitReportReporter -->
<testsuite hostname="DESKTOP-SLMDVNT" failures="0" tests="2" name="com.anz.SampleTestcases.register" time="19.322" errors="0" timestamp="09 Mar 2021 21:08:29 GMT" skipped="0">
  <testcase classname="com.anz.SampleTestcases.register" name="registratioTest" time="19.238"/>
  <testcase classname="com.anz.SampleTestcases.register" name="usernameCheckTest" time="0.084"/>
</testsuite> <!-- com.anz.SampleTestcases.register -->
